# project  configured on Mon Mar 16 18:10:17 2015 by
# waf 1.7.11 (abi 98, python 20709f0 on darwin)
# using /Users/Jonathan/pebble-dev/PebbleSDK-3.0-dp2/Pebble/waf configure build
#
----------------------------------------
Setting top to
/Users/Jonathan/pebble-projects/Poketech
----------------------------------------
Setting out to
/Users/Jonathan/pebble-projects/Poketech/build
----------------------------------------
Found Pebble SDK for aplite in:
/Users/Jonathan/pebble-dev/PebbleSDK-3.0-dp2/Pebble/aplite
----------------------------------------
Checking for program gcc,cc
arm-none-eabi-gcc
find program=['gcc', 'cc'] paths='' var='CC' -> 'arm-none-eabi-gcc'
----------------------------------------
Checking for program ar
arm-none-eabi-ar
find program=['ar'] paths='' var='AR' -> 'arm-none-eabi-ar'
